<?xml version="1.0" encoding="UTF-8"?>
<!-- Generated by org.testng.reporters.JUnitXMLReporter -->
<testsuite hostname="DESKTOP-O4P0LEM" ignored="4" name="Test(failed)" tests="6" failures="1" timestamp="26 Jun 2021 06:23:05 GMT" time="0.106" errors="0">
  <testcase name="tc05" time="0.016" classname="org.tcs.RerunAuto">
    <skipped/>
  </testcase> <!-- tc05 -->
  <testcase name="tc05" time="0.003" classname="org.tcs.RerunAuto">
    <skipped/>
  </testcase> <!-- tc05 -->
  <testcase name="tc05" time="0.004" classname="org.tcs.RerunAuto">
    <skipped/>
  </testcase> <!-- tc05 -->
  <testcase name="tc05" time="0.005" classname="org.tcs.RerunAuto">
    <skipped/>
  </testcase> <!-- tc05 -->
  <testcase name="tc05" time="0.003" classname="org.tcs.RerunAuto">
    <skipped/>
  </testcase> <!-- tc05 -->
  <testcase name="tc05" time="0.004" classname="org.tcs.RerunAuto">
    <failure type="java.lang.AssertionError" message="expected [true] but found [false]">
      <![CDATA[java.lang.AssertionError: expected [true] but found [false]
at org.tcs.RerunAuto.tc05(RerunAuto.java:26)
... Removed 29 stack frames]]>
    </failure>
  </testcase> <!-- tc05 -->
  <testcase name="tc01" time="0.0" classname="org.tcs.RerunAuto">
    <ignored/>
  </testcase> <!-- tc01 -->
  <testcase name="tc04" time="0.0" classname="org.tcs.RerunAuto">
    <ignored/>
  </testcase> <!-- tc04 -->
  <testcase name="tc02" time="0.0" classname="org.tcs.RerunAuto">
    <ignored/>
  </testcase> <!-- tc02 -->
  <testcase name="tc03" time="0.0" classname="org.tcs.RerunAuto">
    <ignored/>
  </testcase> <!-- tc03 -->
</testsuite> <!-- Test(failed) -->
